[0.045s] DEBUG:colcon:Command line arguments: ['/usr/bin/colcon', 'build']
[0.045s] DEBUG:colcon:Parsed command line arguments: Namespace(log_base=None, log_level=None, verb_name='build', build_base='build', install_base='install', merge_install=False, symlink_install=False, test_result_base=None, continue_on_error=False, executor='parallel', parallel_workers=12, event_handlers=None, ignore_user_meta=False, metas=['./colcon.meta'], base_paths=['.'], packages_ignore=None, packages_ignore_regex=None, paths=None, packages_up_to=None, packages_up_to_regex=None, packages_above=None, packages_above_and_dependencies=None, packages_above_depth=None, packages_select_by_dep=None, packages_skip_by_dep=None, packages_skip_up_to=None, packages_select_build_failed=False, packages_skip_build_finished=False, packages_select_test_failures=False, packages_skip_test_passed=False, packages_select=None, packages_skip=None, packages_select_regex=None, packages_skip_regex=None, packages_start=None, packages_end=None, allow_overriding=[], cmake_args=None, cmake_target=None, cmake_target_skip_unavailable=False, cmake_clean_cache=False, cmake_clean_first=False, cmake_force_configure=False, ament_cmake_args=None, catkin_cmake_args=None, catkin_skip_building_tests=False, mixin_files=None, mixin=None, verb_parser=<colcon_mixin.mixin.mixin_argument.MixinArgumentDecorator object at 0xffffab805520>, verb_extension=<colcon_core.verb.build.BuildVerb object at 0xffffab993710>, main=<bound method BuildVerb.main of <colcon_core.verb.build.BuildVerb object at 0xffffab993710>>, mixin_verb=('build',))
[0.060s] Level 1:colcon.colcon_core.package_discovery:discover_packages(colcon_meta) check parameters
[0.060s] Level 1:colcon.colcon_core.package_discovery:discover_packages(recursive) check parameters
[0.060s] Level 1:colcon.colcon_core.package_discovery:discover_packages(ignore) check parameters
[0.060s] Level 1:colcon.colcon_core.package_discovery:discover_packages(path) check parameters
[0.060s] Level 1:colcon.colcon_core.package_discovery:discover_packages(colcon_meta) discover
[0.060s] Level 1:colcon.colcon_core.package_discovery:discover_packages(recursive) discover
[0.060s] INFO:colcon.colcon_core.package_discovery:Crawling recursively for packages in '/home/tristan/Desktop/ik_test/latest/kdl'
[0.060s] Level 1:colcon.colcon_core.package_identification:_identify(.) by extensions ['ignore', 'ignore_ament_install']
[0.060s] Level 1:colcon.colcon_core.package_identification:_identify(.) by extension 'ignore'
[0.060s] Level 1:colcon.colcon_core.package_identification:_identify(.) by extension 'ignore_ament_install'
[0.060s] Level 1:colcon.colcon_core.package_identification:_identify(.) by extensions ['colcon_pkg']
[0.060s] Level 1:colcon.colcon_core.package_identification:_identify(.) by extension 'colcon_pkg'
[0.060s] Level 1:colcon.colcon_core.package_identification:_identify(.) by extensions ['colcon_meta']
[0.060s] Level 1:colcon.colcon_core.package_identification:_identify(.) by extension 'colcon_meta'
[0.060s] Level 1:colcon.colcon_core.package_identification:_identify(.) by extensions ['ros']
[0.060s] Level 1:colcon.colcon_core.package_identification:_identify(.) by extension 'ros'
[0.072s] Level 1:colcon.colcon_core.package_identification:_identify(.) by extensions ['cmake', 'python']
[0.072s] Level 1:colcon.colcon_core.package_identification:_identify(.) by extension 'cmake'
[0.072s] Level 1:colcon.colcon_core.package_identification:_identify(.) by extension 'python'
[0.072s] Level 1:colcon.colcon_core.package_identification:_identify(.) by extensions ['python_setup_py']
[0.072s] Level 1:colcon.colcon_core.package_identification:_identify(.) by extension 'python_setup_py'
[0.072s] Level 1:colcon.colcon_core.package_identification:_identify(build) by extensions ['ignore', 'ignore_ament_install']
[0.072s] Level 1:colcon.colcon_core.package_identification:_identify(build) by extension 'ignore'
[0.072s] Level 1:colcon.colcon_core.package_identification:_identify(build) ignored
[0.072s] Level 1:colcon.colcon_core.package_identification:_identify(install) by extensions ['ignore', 'ignore_ament_install']
[0.072s] Level 1:colcon.colcon_core.package_identification:_identify(install) by extension 'ignore'
[0.072s] Level 1:colcon.colcon_core.package_identification:_identify(install) ignored
[0.072s] Level 1:colcon.colcon_core.package_identification:_identify(log) by extensions ['ignore', 'ignore_ament_install']
[0.072s] Level 1:colcon.colcon_core.package_identification:_identify(log) by extension 'ignore'
[0.072s] Level 1:colcon.colcon_core.package_identification:_identify(log) ignored
[0.072s] Level 1:colcon.colcon_core.package_identification:_identify(src) by extensions ['ignore', 'ignore_ament_install']
[0.072s] Level 1:colcon.colcon_core.package_identification:_identify(src) by extension 'ignore'
[0.072s] Level 1:colcon.colcon_core.package_identification:_identify(src) by extension 'ignore_ament_install'
[0.072s] Level 1:colcon.colcon_core.package_identification:_identify(src) by extensions ['colcon_pkg']
[0.072s] Level 1:colcon.colcon_core.package_identification:_identify(src) by extension 'colcon_pkg'
[0.072s] Level 1:colcon.colcon_core.package_identification:_identify(src) by extensions ['colcon_meta']
[0.072s] Level 1:colcon.colcon_core.package_identification:_identify(src) by extension 'colcon_meta'
[0.072s] Level 1:colcon.colcon_core.package_identification:_identify(src) by extensions ['ros']
[0.072s] Level 1:colcon.colcon_core.package_identification:_identify(src) by extension 'ros'
[0.072s] Level 1:colcon.colcon_core.package_identification:_identify(src) by extensions ['cmake', 'python']
[0.072s] Level 1:colcon.colcon_core.package_identification:_identify(src) by extension 'cmake'
[0.072s] Level 1:colcon.colcon_core.package_identification:_identify(src) by extension 'python'
[0.072s] Level 1:colcon.colcon_core.package_identification:_identify(src) by extensions ['python_setup_py']
[0.072s] Level 1:colcon.colcon_core.package_identification:_identify(src) by extension 'python_setup_py'
[0.072s] Level 1:colcon.colcon_core.package_identification:_identify(src/kdl_urdf_test) by extensions ['ignore', 'ignore_ament_install']
[0.072s] Level 1:colcon.colcon_core.package_identification:_identify(src/kdl_urdf_test) by extension 'ignore'
[0.072s] Level 1:colcon.colcon_core.package_identification:_identify(src/kdl_urdf_test) by extension 'ignore_ament_install'
[0.072s] Level 1:colcon.colcon_core.package_identification:_identify(src/kdl_urdf_test) by extensions ['colcon_pkg']
[0.072s] Level 1:colcon.colcon_core.package_identification:_identify(src/kdl_urdf_test) by extension 'colcon_pkg'
[0.072s] Level 1:colcon.colcon_core.package_identification:_identify(src/kdl_urdf_test) by extensions ['colcon_meta']
[0.072s] Level 1:colcon.colcon_core.package_identification:_identify(src/kdl_urdf_test) by extension 'colcon_meta'
[0.072s] Level 1:colcon.colcon_core.package_identification:_identify(src/kdl_urdf_test) by extensions ['ros']
[0.072s] Level 1:colcon.colcon_core.package_identification:_identify(src/kdl_urdf_test) by extension 'ros'
[0.073s] DEBUG:colcon.colcon_core.package_identification:Package 'src/kdl_urdf_test' with type 'ros.ament_cmake' and name 'kdl_urdf_test'
[0.073s] Level 1:colcon.colcon_core.package_discovery:discover_packages(recursive) using defaults
[0.073s] Level 1:colcon.colcon_core.package_discovery:discover_packages(ignore) discover
[0.073s] Level 1:colcon.colcon_core.package_discovery:discover_packages(ignore) using defaults
[0.073s] Level 1:colcon.colcon_core.package_discovery:discover_packages(path) discover
[0.073s] Level 1:colcon.colcon_core.package_discovery:discover_packages(path) using defaults
[0.081s] Level 1:colcon.colcon_core.package_discovery:discover_packages(prefix_path) check parameters
[0.081s] Level 1:colcon.colcon_core.package_discovery:discover_packages(prefix_path) discover
[0.081s] WARNING:colcon.colcon_ros.prefix_path.ament:The path '/home/tristan/Desktop/ik_test/latest/kdl/install/kdl_urdf_test' in the environment variable AMENT_PREFIX_PATH doesn't exist
[0.081s] WARNING:colcon.colcon_ros.prefix_path.ament:The path '/home/tristan/Desktop/ik_test/latest/moveit_ros_ws/install/arm06_moveit_config' in the environment variable AMENT_PREFIX_PATH doesn't exist
[0.081s] WARNING:colcon.colcon_ros.prefix_path.catkin:The path '/home/tristan/Desktop/ik_test/latest/kdl/install/kdl_urdf_test' in the environment variable CMAKE_PREFIX_PATH doesn't exist
[0.081s] WARNING:colcon.colcon_ros.prefix_path.catkin:The path '/home/tristan/Desktop/ik_test/latest/moveit_ros_ws/install/arm06_moveit_config' in the environment variable CMAKE_PREFIX_PATH doesn't exist
[0.081s] DEBUG:colcon.colcon_installed_package_information.package_discovery:Found 0 installed packages in /home/tristan/Desktop/ik_test/latest/kdl/install
[0.081s] DEBUG:colcon.colcon_installed_package_information.package_discovery:Found 1 installed packages in /home/tristan/Desktop/ik_test/latest/moveit_ros_ws/install
[0.082s] DEBUG:colcon.colcon_installed_package_information.package_discovery:Found 389 installed packages in /opt/ros/jazzy
[0.083s] Level 1:colcon.colcon_core.package_discovery:discover_packages(prefix_path) using defaults
[0.105s] Level 5:colcon.colcon_core.verb:set package 'kdl_urdf_test' build argument 'cmake_args' from command line to 'None'
[0.105s] Level 5:colcon.colcon_core.verb:set package 'kdl_urdf_test' build argument 'cmake_target' from command line to 'None'
[0.105s] Level 5:colcon.colcon_core.verb:set package 'kdl_urdf_test' build argument 'cmake_target_skip_unavailable' from command line to 'False'
[0.105s] Level 5:colcon.colcon_core.verb:set package 'kdl_urdf_test' build argument 'cmake_clean_cache' from command line to 'False'
[0.105s] Level 5:colcon.colcon_core.verb:set package 'kdl_urdf_test' build argument 'cmake_clean_first' from command line to 'False'
[0.105s] Level 5:colcon.colcon_core.verb:set package 'kdl_urdf_test' build argument 'cmake_force_configure' from command line to 'False'
[0.105s] Level 5:colcon.colcon_core.verb:set package 'kdl_urdf_test' build argument 'ament_cmake_args' from command line to 'None'
[0.105s] Level 5:colcon.colcon_core.verb:set package 'kdl_urdf_test' build argument 'catkin_cmake_args' from command line to 'None'
[0.105s] Level 5:colcon.colcon_core.verb:set package 'kdl_urdf_test' build argument 'catkin_skip_building_tests' from command line to 'False'
[0.105s] DEBUG:colcon.colcon_core.verb:Building package 'kdl_urdf_test' with the following arguments: {'ament_cmake_args': None, 'build_base': '/home/tristan/Desktop/ik_test/latest/kdl/build/kdl_urdf_test', 'catkin_cmake_args': None, 'catkin_skip_building_tests': False, 'cmake_args': None, 'cmake_clean_cache': False, 'cmake_clean_first': False, 'cmake_force_configure': False, 'cmake_target': None, 'cmake_target_skip_unavailable': False, 'install_base': '/home/tristan/Desktop/ik_test/latest/kdl/install/kdl_urdf_test', 'merge_install': False, 'path': '/home/tristan/Desktop/ik_test/latest/kdl/src/kdl_urdf_test', 'symlink_install': False, 'test_result_base': None}
[0.105s] INFO:colcon.colcon_core.executor:Executing jobs using 'parallel' executor
[0.105s] DEBUG:colcon.colcon_parallel_executor.executor.parallel:run_until_complete
[0.105s] INFO:colcon.colcon_ros.task.ament_cmake.build:Building ROS package in '/home/tristan/Desktop/ik_test/latest/kdl/src/kdl_urdf_test' with build type 'ament_cmake'
[0.106s] INFO:colcon.colcon_cmake.task.cmake.build:Building CMake package in '/home/tristan/Desktop/ik_test/latest/kdl/src/kdl_urdf_test'
[0.107s] INFO:colcon.colcon_core.plugin_system:Skipping extension 'colcon_core.shell.bat': Not used on non-Windows systems
[0.107s] INFO:colcon.colcon_core.shell:Skip shell extension 'powershell' for command environment: Not usable outside of PowerShell
[0.107s] DEBUG:colcon.colcon_core.shell:Skip shell extension 'dsv' for command environment
[0.115s] DEBUG:colcon.colcon_core.event_handler.log_command:Invoking command in '/home/tristan/Desktop/ik_test/latest/kdl/build/kdl_urdf_test': CMAKE_PREFIX_PATH=${CMAKE_PREFIX_PATH}:/opt/ros/jazzy DEBUGINFOD_URLS=https://debuginfod.ubuntu.com /usr/bin/cmake /home/tristan/Desktop/ik_test/latest/kdl/src/kdl_urdf_test -DCMAKE_INSTALL_PREFIX=/home/tristan/Desktop/ik_test/latest/kdl/install/kdl_urdf_test
[0.909s] DEBUG:colcon.colcon_core.event_handler.log_command:Invoked command in '/home/tristan/Desktop/ik_test/latest/kdl/build/kdl_urdf_test' returned '0': CMAKE_PREFIX_PATH=${CMAKE_PREFIX_PATH}:/opt/ros/jazzy DEBUGINFOD_URLS=https://debuginfod.ubuntu.com /usr/bin/cmake /home/tristan/Desktop/ik_test/latest/kdl/src/kdl_urdf_test -DCMAKE_INSTALL_PREFIX=/home/tristan/Desktop/ik_test/latest/kdl/install/kdl_urdf_test
[0.910s] DEBUG:colcon.colcon_core.event_handler.log_command:Invoking command in '/home/tristan/Desktop/ik_test/latest/kdl/build/kdl_urdf_test': CMAKE_PREFIX_PATH=${CMAKE_PREFIX_PATH}:/opt/ros/jazzy DEBUGINFOD_URLS=https://debuginfod.ubuntu.com /usr/bin/cmake --build /home/tristan/Desktop/ik_test/latest/kdl/build/kdl_urdf_test -- -j12 -l12
[3.007s] DEBUG:colcon.colcon_core.event_handler.log_command:Invoked command in '/home/tristan/Desktop/ik_test/latest/kdl/build/kdl_urdf_test' returned '0': CMAKE_PREFIX_PATH=${CMAKE_PREFIX_PATH}:/opt/ros/jazzy DEBUGINFOD_URLS=https://debuginfod.ubuntu.com /usr/bin/cmake --build /home/tristan/Desktop/ik_test/latest/kdl/build/kdl_urdf_test -- -j12 -l12
[3.036s] DEBUG:colcon.colcon_core.event_handler.log_command:Invoking command in '/home/tristan/Desktop/ik_test/latest/kdl/build/kdl_urdf_test': CMAKE_PREFIX_PATH=${CMAKE_PREFIX_PATH}:/opt/ros/jazzy DEBUGINFOD_URLS=https://debuginfod.ubuntu.com /usr/bin/cmake --install /home/tristan/Desktop/ik_test/latest/kdl/build/kdl_urdf_test
[3.043s] Level 1:colcon.colcon_core.environment:create_environment_scripts_only(kdl_urdf_test)
[3.043s] DEBUG:colcon.colcon_core.event_handler.log_command:Invoked command in '/home/tristan/Desktop/ik_test/latest/kdl/build/kdl_urdf_test' returned '0': CMAKE_PREFIX_PATH=${CMAKE_PREFIX_PATH}:/opt/ros/jazzy DEBUGINFOD_URLS=https://debuginfod.ubuntu.com /usr/bin/cmake --install /home/tristan/Desktop/ik_test/latest/kdl/build/kdl_urdf_test
[3.046s] Level 1:colcon.colcon_core.environment:checking '/home/tristan/Desktop/ik_test/latest/kdl/install/kdl_urdf_test' for CMake module files
[3.046s] Level 1:colcon.colcon_core.environment:checking '/home/tristan/Desktop/ik_test/latest/kdl/install/kdl_urdf_test' for CMake config files
[3.047s] Level 1:colcon.colcon_core.shell:create_environment_hook('kdl_urdf_test', 'cmake_prefix_path')
[3.047s] INFO:colcon.colcon_core.shell:Creating environment hook '/home/tristan/Desktop/ik_test/latest/kdl/install/kdl_urdf_test/share/kdl_urdf_test/hook/cmake_prefix_path.ps1'
[3.047s] INFO:colcon.colcon_core.shell:Creating environment descriptor '/home/tristan/Desktop/ik_test/latest/kdl/install/kdl_urdf_test/share/kdl_urdf_test/hook/cmake_prefix_path.dsv'
[3.048s] INFO:colcon.colcon_core.shell:Creating environment hook '/home/tristan/Desktop/ik_test/latest/kdl/install/kdl_urdf_test/share/kdl_urdf_test/hook/cmake_prefix_path.sh'
[3.048s] Level 1:colcon.colcon_core.environment:checking '/home/tristan/Desktop/ik_test/latest/kdl/install/kdl_urdf_test/bin'
[3.048s] Level 1:colcon.colcon_core.environment:checking '/home/tristan/Desktop/ik_test/latest/kdl/install/kdl_urdf_test/lib/pkgconfig/kdl_urdf_test.pc'
[3.049s] Level 1:colcon.colcon_core.environment:checking '/home/tristan/Desktop/ik_test/latest/kdl/install/kdl_urdf_test/lib/python3.12/site-packages'
[3.049s] Level 1:colcon.colcon_core.environment:checking '/home/tristan/Desktop/ik_test/latest/kdl/install/kdl_urdf_test/bin'
[3.049s] INFO:colcon.colcon_core.shell:Creating package script '/home/tristan/Desktop/ik_test/latest/kdl/install/kdl_urdf_test/share/kdl_urdf_test/package.ps1'
[3.050s] INFO:colcon.colcon_core.shell:Creating package descriptor '/home/tristan/Desktop/ik_test/latest/kdl/install/kdl_urdf_test/share/kdl_urdf_test/package.dsv'
[3.050s] INFO:colcon.colcon_core.shell:Creating package script '/home/tristan/Desktop/ik_test/latest/kdl/install/kdl_urdf_test/share/kdl_urdf_test/package.sh'
[3.051s] INFO:colcon.colcon_core.shell:Creating package script '/home/tristan/Desktop/ik_test/latest/kdl/install/kdl_urdf_test/share/kdl_urdf_test/package.bash'
[3.051s] INFO:colcon.colcon_core.shell:Creating package script '/home/tristan/Desktop/ik_test/latest/kdl/install/kdl_urdf_test/share/kdl_urdf_test/package.zsh'
[3.052s] Level 1:colcon.colcon_core.environment:create_file_with_runtime_dependencies(/home/tristan/Desktop/ik_test/latest/kdl/install/kdl_urdf_test/share/colcon-core/packages/kdl_urdf_test)
[3.065s] Level 1:colcon.colcon_core.environment:create_environment_scripts_only(kdl_urdf_test)
[3.065s] Level 1:colcon.colcon_core.environment:checking '/home/tristan/Desktop/ik_test/latest/kdl/install/kdl_urdf_test' for CMake module files
[3.065s] Level 1:colcon.colcon_core.environment:checking '/home/tristan/Desktop/ik_test/latest/kdl/install/kdl_urdf_test' for CMake config files
[3.066s] Level 1:colcon.colcon_core.shell:create_environment_hook('kdl_urdf_test', 'cmake_prefix_path')
[3.066s] INFO:colcon.colcon_core.shell:Creating environment hook '/home/tristan/Desktop/ik_test/latest/kdl/install/kdl_urdf_test/share/kdl_urdf_test/hook/cmake_prefix_path.ps1'
[3.066s] INFO:colcon.colcon_core.shell:Creating environment descriptor '/home/tristan/Desktop/ik_test/latest/kdl/install/kdl_urdf_test/share/kdl_urdf_test/hook/cmake_prefix_path.dsv'
[3.066s] INFO:colcon.colcon_core.shell:Creating environment hook '/home/tristan/Desktop/ik_test/latest/kdl/install/kdl_urdf_test/share/kdl_urdf_test/hook/cmake_prefix_path.sh'
[3.067s] Level 1:colcon.colcon_core.environment:checking '/home/tristan/Desktop/ik_test/latest/kdl/install/kdl_urdf_test/bin'
[3.067s] Level 1:colcon.colcon_core.environment:checking '/home/tristan/Desktop/ik_test/latest/kdl/install/kdl_urdf_test/lib/pkgconfig/kdl_urdf_test.pc'
[3.067s] Level 1:colcon.colcon_core.environment:checking '/home/tristan/Desktop/ik_test/latest/kdl/install/kdl_urdf_test/lib/python3.12/site-packages'
[3.067s] Level 1:colcon.colcon_core.environment:checking '/home/tristan/Desktop/ik_test/latest/kdl/install/kdl_urdf_test/bin'
[3.068s] INFO:colcon.colcon_core.shell:Creating package script '/home/tristan/Desktop/ik_test/latest/kdl/install/kdl_urdf_test/share/kdl_urdf_test/package.ps1'
[3.068s] INFO:colcon.colcon_core.shell:Creating package descriptor '/home/tristan/Desktop/ik_test/latest/kdl/install/kdl_urdf_test/share/kdl_urdf_test/package.dsv'
[3.068s] INFO:colcon.colcon_core.shell:Creating package script '/home/tristan/Desktop/ik_test/latest/kdl/install/kdl_urdf_test/share/kdl_urdf_test/package.sh'
[3.069s] INFO:colcon.colcon_core.shell:Creating package script '/home/tristan/Desktop/ik_test/latest/kdl/install/kdl_urdf_test/share/kdl_urdf_test/package.bash'
[3.069s] INFO:colcon.colcon_core.shell:Creating package script '/home/tristan/Desktop/ik_test/latest/kdl/install/kdl_urdf_test/share/kdl_urdf_test/package.zsh'
[3.069s] Level 1:colcon.colcon_core.environment:create_file_with_runtime_dependencies(/home/tristan/Desktop/ik_test/latest/kdl/install/kdl_urdf_test/share/colcon-core/packages/kdl_urdf_test)
[3.069s] DEBUG:colcon.colcon_parallel_executor.executor.parallel:closing loop
[3.070s] DEBUG:colcon.colcon_parallel_executor.executor.parallel:loop closed
[3.070s] DEBUG:colcon.colcon_parallel_executor.executor.parallel:run_until_complete finished with '0'
[3.070s] DEBUG:colcon.colcon_core.event_reactor:joining thread
[3.073s] INFO:colcon.colcon_core.plugin_system:Skipping extension 'colcon_notification.desktop_notification.terminal_notifier': Not used on non-Darwin systems
[3.073s] INFO:colcon.colcon_core.plugin_system:Skipping extension 'colcon_notification.desktop_notification.win32': Not used on non-Windows systems
[3.074s] INFO:colcon.colcon_notification.desktop_notification:Sending desktop notification using 'notify2'
[3.082s] DEBUG:colcon.colcon_core.event_reactor:joined thread
[3.083s] INFO:colcon.colcon_core.shell:Creating prefix script '/home/tristan/Desktop/ik_test/latest/kdl/install/local_setup.ps1'
[3.084s] INFO:colcon.colcon_core.shell:Creating prefix util module '/home/tristan/Desktop/ik_test/latest/kdl/install/_local_setup_util_ps1.py'
[3.085s] INFO:colcon.colcon_core.shell:Creating prefix chain script '/home/tristan/Desktop/ik_test/latest/kdl/install/setup.ps1'
[3.086s] INFO:colcon.colcon_core.shell:Creating prefix script '/home/tristan/Desktop/ik_test/latest/kdl/install/local_setup.sh'
[3.086s] INFO:colcon.colcon_core.shell:Creating prefix util module '/home/tristan/Desktop/ik_test/latest/kdl/install/_local_setup_util_sh.py'
[3.086s] INFO:colcon.colcon_core.shell:Creating prefix chain script '/home/tristan/Desktop/ik_test/latest/kdl/install/setup.sh'
[3.087s] INFO:colcon.colcon_core.shell:Creating prefix script '/home/tristan/Desktop/ik_test/latest/kdl/install/local_setup.bash'
[3.088s] INFO:colcon.colcon_core.shell:Creating prefix chain script '/home/tristan/Desktop/ik_test/latest/kdl/install/setup.bash'
[3.088s] INFO:colcon.colcon_core.shell:Creating prefix script '/home/tristan/Desktop/ik_test/latest/kdl/install/local_setup.zsh'
[3.089s] INFO:colcon.colcon_core.shell:Creating prefix chain script '/home/tristan/Desktop/ik_test/latest/kdl/install/setup.zsh'
