[0.360s] Invoking command in '/home/tristan/Desktop/ik_test/latest/ik_ros_ws/build/robot': DEBUGINFOD_URLS=https://debuginfod.ubuntu.com PYTHONPATH=/home/tristan/Desktop/ik_test/latest/ik_ros_ws/build/robot/prefix_override:/usr/lib/python3/dist-packages/colcon_core/task/python/colcon_distutils_commands:/home/tristan/Desktop/ik_test/latest/ik_ros_ws/install/robot/lib/python3.12/site-packages:${PYTHONPATH} /usr/bin/python3 -W ignore:setup.py install is deprecated setup.py develop --uninstall --editable --build-directory /home/tristan/Desktop/ik_test/latest/ik_ros_ws/build/robot/build
[0.489s] running develop
[0.489s] /usr/lib/python3/dist-packages/setuptools/command/develop.py:40: EasyInstallDeprecationWarning: easy_install command is deprecated.
[0.489s] !!
[0.489s] 
[0.489s]         ********************************************************************************
[0.489s]         Please avoid running ``setup.py`` and ``easy_install``.
[0.489s]         Instead, use pypa/build, pypa/installer or other
[0.489s]         standards-based tools.
[0.489s] 
[0.489s]         See https://github.com/pypa/setuptools/issues/917 for details.
[0.489s]         ********************************************************************************
[0.489s] 
[0.489s] !!
[0.489s]   easy_install.initialize_options(self)
[0.557s] /usr/lib/python3/dist-packages/setuptools/command/easy_install.py:363: UserWarning: Unbuilt egg for pytest-repeat [unknown version] (/usr/lib/python3/dist-packages)
[0.557s]   self.local_index = Environment(self.shadow_path + sys.path)
[0.570s] Removing /home/tristan/Desktop/ik_test/latest/ik_ros_ws/install/robot/lib/python3.12/site-packages/robot.egg-link (link to .)
[0.584s] Invoked command in '/home/tristan/Desktop/ik_test/latest/ik_ros_ws/build/robot' returned '0': DEBUGINFOD_URLS=https://debuginfod.ubuntu.com PYTHONPATH=/home/tristan/Desktop/ik_test/latest/ik_ros_ws/build/robot/prefix_override:/usr/lib/python3/dist-packages/colcon_core/task/python/colcon_distutils_commands:/home/tristan/Desktop/ik_test/latest/ik_ros_ws/install/robot/lib/python3.12/site-packages:${PYTHONPATH} /usr/bin/python3 -W ignore:setup.py install is deprecated setup.py develop --uninstall --editable --build-directory /home/tristan/Desktop/ik_test/latest/ik_ros_ws/build/robot/build
[0.585s] Invoking command in '/home/tristan/Desktop/ik_test/latest/ik_ros_ws/src/converted_r2d2': DEBUGINFOD_URLS=https://debuginfod.ubuntu.com PYTHONPATH=/home/tristan/Desktop/ik_test/latest/ik_ros_ws/build/robot/prefix_override:/usr/lib/python3/dist-packages/colcon_core/task/python/colcon_distutils_commands:/home/tristan/Desktop/ik_test/latest/ik_ros_ws/install/robot/lib/python3.12/site-packages:${PYTHONPATH} /usr/bin/python3 -W ignore:setup.py install is deprecated setup.py egg_info --egg-base ../../build/robot build --build-base /home/tristan/Desktop/ik_test/latest/ik_ros_ws/build/robot/build install --record /home/tristan/Desktop/ik_test/latest/ik_ros_ws/build/robot/install.log --single-version-externally-managed install_data --force
[0.714s] running egg_info
[0.722s] writing ../../build/robot/robot.egg-info/PKG-INFO
[0.722s] writing dependency_links to ../../build/robot/robot.egg-info/dependency_links.txt
[0.722s] writing entry points to ../../build/robot/robot.egg-info/entry_points.txt
[0.722s] writing requirements to ../../build/robot/robot.egg-info/requires.txt
[0.722s] writing top-level names to ../../build/robot/robot.egg-info/top_level.txt
[0.738s] reading manifest file '../../build/robot/robot.egg-info/SOURCES.txt'
[0.738s] adding license file 'LICENSE'
[0.739s] writing manifest file '../../build/robot/robot.egg-info/SOURCES.txt'
[0.739s] running build
[0.739s] running build_py
[0.739s] copying robot/state_publisher.py -> /home/tristan/Desktop/ik_test/latest/ik_ros_ws/build/robot/build/lib/robot
[0.739s] running install
[0.742s] running install_lib
[0.750s] creating /home/tristan/Desktop/ik_test/latest/ik_ros_ws/install/robot/lib/python3.12/site-packages/robot
[0.751s] copying /home/tristan/Desktop/ik_test/latest/ik_ros_ws/build/robot/build/lib/robot/state_publisher.py -> /home/tristan/Desktop/ik_test/latest/ik_ros_ws/install/robot/lib/python3.12/site-packages/robot
[0.751s] copying /home/tristan/Desktop/ik_test/latest/ik_ros_ws/build/robot/build/lib/robot/old_state_publisher.py -> /home/tristan/Desktop/ik_test/latest/ik_ros_ws/install/robot/lib/python3.12/site-packages/robot
[0.751s] copying /home/tristan/Desktop/ik_test/latest/ik_ros_ws/build/robot/build/lib/robot/__init__.py -> /home/tristan/Desktop/ik_test/latest/ik_ros_ws/install/robot/lib/python3.12/site-packages/robot
[0.751s] byte-compiling /home/tristan/Desktop/ik_test/latest/ik_ros_ws/install/robot/lib/python3.12/site-packages/robot/state_publisher.py to state_publisher.cpython-312.pyc
[0.751s] byte-compiling /home/tristan/Desktop/ik_test/latest/ik_ros_ws/install/robot/lib/python3.12/site-packages/robot/old_state_publisher.py to old_state_publisher.cpython-312.pyc
[0.752s] byte-compiling /home/tristan/Desktop/ik_test/latest/ik_ros_ws/install/robot/lib/python3.12/site-packages/robot/__init__.py to __init__.cpython-312.pyc
[0.752s] running install_data
[0.752s] copying resource/robot -> /home/tristan/Desktop/ik_test/latest/ik_ros_ws/install/robot/share/ament_index/resource_index/packages
[0.752s] copying package.xml -> /home/tristan/Desktop/ik_test/latest/ik_ros_ws/install/robot/share/robot
[0.753s] copying launch/demo.launch.py -> /home/tristan/Desktop/ik_test/latest/ik_ros_ws/install/robot/share/robot/launch
[0.753s] copying urdf/arm06.urdf -> /home/tristan/Desktop/ik_test/latest/ik_ros_ws/install/robot/share/robot
[0.753s] copying urdf/r2d2.rviz -> /home/tristan/Desktop/ik_test/latest/ik_ros_ws/install/robot/share/robot
[0.753s] copying urdf/Arm02.urdf -> /home/tristan/Desktop/ik_test/latest/ik_ros_ws/install/robot/share/robot
[0.753s] copying urdf/r2d2.urdf.xml -> /home/tristan/Desktop/ik_test/latest/ik_ros_ws/install/robot/share/robot
[0.753s] copying urdf/arm05.urdf -> /home/tristan/Desktop/ik_test/latest/ik_ros_ws/install/robot/share/robot
[0.753s] copying urdf/viz.rviz -> /home/tristan/Desktop/ik_test/latest/ik_ros_ws/install/robot/share/robot
[0.753s] running install_egg_info
[0.762s] Copying ../../build/robot/robot.egg-info to /home/tristan/Desktop/ik_test/latest/ik_ros_ws/install/robot/lib/python3.12/site-packages/robot-0.0.0-py3.12.egg-info
[0.762s] running install_scripts
[0.819s] Installing state_publisher script to /home/tristan/Desktop/ik_test/latest/ik_ros_ws/install/robot/lib/robot
[0.820s] writing list of installed files to '/home/tristan/Desktop/ik_test/latest/ik_ros_ws/build/robot/install.log'
[0.833s] Invoked command in '/home/tristan/Desktop/ik_test/latest/ik_ros_ws/src/converted_r2d2' returned '0': DEBUGINFOD_URLS=https://debuginfod.ubuntu.com PYTHONPATH=/home/tristan/Desktop/ik_test/latest/ik_ros_ws/build/robot/prefix_override:/usr/lib/python3/dist-packages/colcon_core/task/python/colcon_distutils_commands:/home/tristan/Desktop/ik_test/latest/ik_ros_ws/install/robot/lib/python3.12/site-packages:${PYTHONPATH} /usr/bin/python3 -W ignore:setup.py install is deprecated setup.py egg_info --egg-base ../../build/robot build --build-base /home/tristan/Desktop/ik_test/latest/ik_ros_ws/build/robot/build install --record /home/tristan/Desktop/ik_test/latest/ik_ros_ws/build/robot/install.log --single-version-externally-managed install_data --force
