running egg_info
writing ../../build/robot/robot.egg-info/PKG-INFO
writing dependency_links to ../../build/robot/robot.egg-info/dependency_links.txt
writing entry points to ../../build/robot/robot.egg-info/entry_points.txt
writing requirements to ../../build/robot/robot.egg-info/requires.txt
writing top-level names to ../../build/robot/robot.egg-info/top_level.txt
reading manifest file '../../build/robot/robot.egg-info/SOURCES.txt'
adding license file 'LICENSE'
writing manifest file '../../build/robot/robot.egg-info/SOURCES.txt'
running build
running build_py
copying robot/state_publisher.py -> /home/tristan/astra/ik_test/latest/ik_ros_ws/build/robot/build/lib/robot
running install
running install_lib
copying /home/tristan/astra/ik_test/latest/ik_ros_ws/build/robot/build/lib/robot/state_publisher.py -> /home/tristan/astra/ik_test/latest/ik_ros_ws/install/robot/lib/python3.10/site-packages/robot
byte-compiling /home/tristan/astra/ik_test/latest/ik_ros_ws/install/robot/lib/python3.10/site-packages/robot/state_publisher.py to state_publisher.cpython-310.pyc
running install_data
running install_egg_info
removing '/home/tristan/astra/ik_test/latest/ik_ros_ws/install/robot/lib/python3.10/site-packages/robot-0.0.0-py3.10.egg-info' (and everything under it)
Copying ../../build/robot/robot.egg-info to /home/tristan/astra/ik_test/latest/ik_ros_ws/install/robot/lib/python3.10/site-packages/robot-0.0.0-py3.10.egg-info
running install_scripts
Installing state_publisher script to /home/tristan/astra/ik_test/latest/ik_ros_ws/install/robot/lib/robot
writing list of installed files to '/home/tristan/astra/ik_test/latest/ik_ros_ws/build/robot/install.log'
