[0.364s] Invoking command in '/home/tristan/Desktop/ik_test/latest/ik_ros_ws/src/converted_r2d2': DEBUGINFOD_URLS=https://debuginfod.ubuntu.com PYTHONPATH=/home/tristan/Desktop/ik_test/latest/ik_ros_ws/build/robot/prefix_override:/usr/lib/python3/dist-packages/colcon_core/task/python/colcon_distutils_commands:/home/tristan/Desktop/ik_test/latest/ik_ros_ws/install/robot/lib/python3.12/site-packages: /usr/bin/python3 -W ignore:setup.py install is deprecated setup.py egg_info --egg-base ../../build/robot build --build-base /home/tristan/Desktop/ik_test/latest/ik_ros_ws/build/robot/build install --record /home/tristan/Desktop/ik_test/latest/ik_ros_ws/build/robot/install.log --single-version-externally-managed install_data
[0.451s] running egg_info
[0.455s] writing ../../build/robot/robot.egg-info/PKG-INFO
[0.456s] writing dependency_links to ../../build/robot/robot.egg-info/dependency_links.txt
[0.456s] writing entry points to ../../build/robot/robot.egg-info/entry_points.txt
[0.456s] writing requirements to ../../build/robot/robot.egg-info/requires.txt
[0.456s] writing top-level names to ../../build/robot/robot.egg-info/top_level.txt
[0.466s] reading manifest file '../../build/robot/robot.egg-info/SOURCES.txt'
[0.466s] adding license file 'LICENSE'
[0.466s] writing manifest file '../../build/robot/robot.egg-info/SOURCES.txt'
[0.466s] running build
[0.466s] running build_py
[0.466s] copying robot/state_publisher.py -> /home/tristan/Desktop/ik_test/latest/ik_ros_ws/build/robot/build/lib/robot
[0.467s] running install
[0.469s] running install_lib
[0.474s] copying /home/tristan/Desktop/ik_test/latest/ik_ros_ws/build/robot/build/lib/robot/state_publisher.py -> /home/tristan/Desktop/ik_test/latest/ik_ros_ws/install/robot/lib/python3.12/site-packages/robot
[0.474s] byte-compiling /home/tristan/Desktop/ik_test/latest/ik_ros_ws/install/robot/lib/python3.12/site-packages/robot/state_publisher.py to state_publisher.cpython-312.pyc
[0.475s] running install_data
[0.475s] copying launch/demo.launch.py -> /home/tristan/Desktop/ik_test/latest/ik_ros_ws/install/robot/share/robot/launch
[0.475s] copying urdf/arm08.urdf -> /home/tristan/Desktop/ik_test/latest/ik_ros_ws/install/robot/share/robot
[0.475s] running install_egg_info
[0.481s] removing '/home/tristan/Desktop/ik_test/latest/ik_ros_ws/install/robot/lib/python3.12/site-packages/robot-0.0.0-py3.12.egg-info' (and everything under it)
[0.481s] Copying ../../build/robot/robot.egg-info to /home/tristan/Desktop/ik_test/latest/ik_ros_ws/install/robot/lib/python3.12/site-packages/robot-0.0.0-py3.12.egg-info
[0.481s] running install_scripts
[0.522s] Installing state_publisher script to /home/tristan/Desktop/ik_test/latest/ik_ros_ws/install/robot/lib/robot
[0.522s] writing list of installed files to '/home/tristan/Desktop/ik_test/latest/ik_ros_ws/build/robot/install.log'
[0.535s] Invoked command in '/home/tristan/Desktop/ik_test/latest/ik_ros_ws/src/converted_r2d2' returned '0': DEBUGINFOD_URLS=https://debuginfod.ubuntu.com PYTHONPATH=/home/tristan/Desktop/ik_test/latest/ik_ros_ws/build/robot/prefix_override:/usr/lib/python3/dist-packages/colcon_core/task/python/colcon_distutils_commands:/home/tristan/Desktop/ik_test/latest/ik_ros_ws/install/robot/lib/python3.12/site-packages: /usr/bin/python3 -W ignore:setup.py install is deprecated setup.py egg_info --egg-base ../../build/robot build --build-base /home/tristan/Desktop/ik_test/latest/ik_ros_ws/build/robot/build install --record /home/tristan/Desktop/ik_test/latest/ik_ros_ws/build/robot/install.log --single-version-externally-managed install_data
