[0.048s] DEBUG:colcon:Command line arguments: ['/usr/bin/colcon', 'build']
[0.048s] DEBUG:colcon:Parsed command line arguments: Namespace(log_base=None, log_level=None, verb_name='build', build_base='build', install_base='install', merge_install=False, symlink_install=False, test_result_base=None, continue_on_error=False, executor='parallel', parallel_workers=12, event_handlers=None, ignore_user_meta=False, metas=['./colcon.meta'], base_paths=['.'], packages_ignore=None, packages_ignore_regex=None, paths=None, packages_up_to=None, packages_up_to_regex=None, packages_above=None, packages_above_and_dependencies=None, packages_above_depth=None, packages_select_by_dep=None, packages_skip_by_dep=None, packages_skip_up_to=None, packages_select_build_failed=False, packages_skip_build_finished=False, packages_select_test_failures=False, packages_skip_test_passed=False, packages_select=None, packages_skip=None, packages_select_regex=None, packages_skip_regex=None, packages_start=None, packages_end=None, allow_overriding=[], cmake_args=None, cmake_target=None, cmake_target_skip_unavailable=False, cmake_clean_cache=False, cmake_clean_first=False, cmake_force_configure=False, ament_cmake_args=None, catkin_cmake_args=None, catkin_skip_building_tests=False, mixin_files=None, mixin=None, verb_parser=<colcon_mixin.mixin.mixin_argument.MixinArgumentDecorator object at 0xffffa8ec9af0>, verb_extension=<colcon_core.verb.build.BuildVerb object at 0xffffa9074050>, main=<bound method BuildVerb.main of <colcon_core.verb.build.BuildVerb object at 0xffffa9074050>>, mixin_verb=('build',))
[0.064s] Level 1:colcon.colcon_core.package_discovery:discover_packages(colcon_meta) check parameters
[0.064s] Level 1:colcon.colcon_core.package_discovery:discover_packages(recursive) check parameters
[0.064s] Level 1:colcon.colcon_core.package_discovery:discover_packages(ignore) check parameters
[0.064s] Level 1:colcon.colcon_core.package_discovery:discover_packages(path) check parameters
[0.064s] Level 1:colcon.colcon_core.package_discovery:discover_packages(colcon_meta) discover
[0.064s] Level 1:colcon.colcon_core.package_discovery:discover_packages(recursive) discover
[0.064s] INFO:colcon.colcon_core.package_discovery:Crawling recursively for packages in '/home/tristan/Desktop/ik_test/latest/moveit_ros_ws'
[0.064s] Level 1:colcon.colcon_core.package_identification:_identify(.) by extensions ['ignore', 'ignore_ament_install']
[0.064s] Level 1:colcon.colcon_core.package_identification:_identify(.) by extension 'ignore'
[0.064s] Level 1:colcon.colcon_core.package_identification:_identify(.) by extension 'ignore_ament_install'
[0.064s] Level 1:colcon.colcon_core.package_identification:_identify(.) by extensions ['colcon_pkg']
[0.064s] Level 1:colcon.colcon_core.package_identification:_identify(.) by extension 'colcon_pkg'
[0.064s] Level 1:colcon.colcon_core.package_identification:_identify(.) by extensions ['colcon_meta']
[0.064s] Level 1:colcon.colcon_core.package_identification:_identify(.) by extension 'colcon_meta'
[0.064s] Level 1:colcon.colcon_core.package_identification:_identify(.) by extensions ['ros']
[0.064s] Level 1:colcon.colcon_core.package_identification:_identify(.) by extension 'ros'
[0.075s] Level 1:colcon.colcon_core.package_identification:_identify(.) by extensions ['cmake', 'python']
[0.075s] Level 1:colcon.colcon_core.package_identification:_identify(.) by extension 'cmake'
[0.075s] Level 1:colcon.colcon_core.package_identification:_identify(.) by extension 'python'
[0.075s] Level 1:colcon.colcon_core.package_identification:_identify(.) by extensions ['python_setup_py']
[0.075s] Level 1:colcon.colcon_core.package_identification:_identify(.) by extension 'python_setup_py'
[0.075s] Level 1:colcon.colcon_core.package_identification:_identify(build) by extensions ['ignore', 'ignore_ament_install']
[0.076s] Level 1:colcon.colcon_core.package_identification:_identify(build) by extension 'ignore'
[0.076s] Level 1:colcon.colcon_core.package_identification:_identify(build) ignored
[0.076s] Level 1:colcon.colcon_core.package_identification:_identify(install) by extensions ['ignore', 'ignore_ament_install']
[0.076s] Level 1:colcon.colcon_core.package_identification:_identify(install) by extension 'ignore'
[0.076s] Level 1:colcon.colcon_core.package_identification:_identify(install) ignored
[0.076s] Level 1:colcon.colcon_core.package_identification:_identify(log) by extensions ['ignore', 'ignore_ament_install']
[0.076s] Level 1:colcon.colcon_core.package_identification:_identify(log) by extension 'ignore'
[0.076s] Level 1:colcon.colcon_core.package_identification:_identify(log) ignored
[0.076s] Level 1:colcon.colcon_core.package_identification:_identify(src) by extensions ['ignore', 'ignore_ament_install']
[0.076s] Level 1:colcon.colcon_core.package_identification:_identify(src) by extension 'ignore'
[0.076s] Level 1:colcon.colcon_core.package_identification:_identify(src) by extension 'ignore_ament_install'
[0.076s] Level 1:colcon.colcon_core.package_identification:_identify(src) by extensions ['colcon_pkg']
[0.076s] Level 1:colcon.colcon_core.package_identification:_identify(src) by extension 'colcon_pkg'
[0.076s] Level 1:colcon.colcon_core.package_identification:_identify(src) by extensions ['colcon_meta']
[0.076s] Level 1:colcon.colcon_core.package_identification:_identify(src) by extension 'colcon_meta'
[0.076s] Level 1:colcon.colcon_core.package_identification:_identify(src) by extensions ['ros']
[0.076s] Level 1:colcon.colcon_core.package_identification:_identify(src) by extension 'ros'
[0.076s] Level 1:colcon.colcon_core.package_identification:_identify(src) by extensions ['cmake', 'python']
[0.076s] Level 1:colcon.colcon_core.package_identification:_identify(src) by extension 'cmake'
[0.076s] Level 1:colcon.colcon_core.package_identification:_identify(src) by extension 'python'
[0.076s] Level 1:colcon.colcon_core.package_identification:_identify(src) by extensions ['python_setup_py']
[0.076s] Level 1:colcon.colcon_core.package_identification:_identify(src) by extension 'python_setup_py'
[0.076s] Level 1:colcon.colcon_core.package_identification:_identify(src/arm06_moveit) by extensions ['ignore', 'ignore_ament_install']
[0.076s] Level 1:colcon.colcon_core.package_identification:_identify(src/arm06_moveit) by extension 'ignore'
[0.076s] Level 1:colcon.colcon_core.package_identification:_identify(src/arm06_moveit) by extension 'ignore_ament_install'
[0.076s] Level 1:colcon.colcon_core.package_identification:_identify(src/arm06_moveit) by extensions ['colcon_pkg']
[0.076s] Level 1:colcon.colcon_core.package_identification:_identify(src/arm06_moveit) by extension 'colcon_pkg'
[0.076s] Level 1:colcon.colcon_core.package_identification:_identify(src/arm06_moveit) by extensions ['colcon_meta']
[0.076s] Level 1:colcon.colcon_core.package_identification:_identify(src/arm06_moveit) by extension 'colcon_meta'
[0.076s] Level 1:colcon.colcon_core.package_identification:_identify(src/arm06_moveit) by extensions ['ros']
[0.076s] Level 1:colcon.colcon_core.package_identification:_identify(src/arm06_moveit) by extension 'ros'
[0.077s] DEBUG:colcon.colcon_core.package_identification:Package 'src/arm06_moveit' with type 'ros.ament_cmake' and name 'arm06_moveit'
[0.077s] Level 1:colcon.colcon_core.package_discovery:discover_packages(recursive) using defaults
[0.077s] Level 1:colcon.colcon_core.package_discovery:discover_packages(ignore) discover
[0.077s] Level 1:colcon.colcon_core.package_discovery:discover_packages(ignore) using defaults
[0.077s] Level 1:colcon.colcon_core.package_discovery:discover_packages(path) discover
[0.077s] Level 1:colcon.colcon_core.package_discovery:discover_packages(path) using defaults
[0.085s] Level 1:colcon.colcon_core.package_discovery:discover_packages(prefix_path) check parameters
[0.085s] Level 1:colcon.colcon_core.package_discovery:discover_packages(prefix_path) discover
[0.085s] WARNING:colcon.colcon_ros.prefix_path.ament:The path '/home/tristan/Desktop/ik_test/latest/moveit_ros_ws/install/arm06_moveit_config' in the environment variable AMENT_PREFIX_PATH doesn't exist
[0.085s] WARNING:colcon.colcon_ros.prefix_path.catkin:The path '/home/tristan/Desktop/ik_test/latest/moveit_ros_ws/install/arm06_moveit_config' in the environment variable CMAKE_PREFIX_PATH doesn't exist
[0.086s] DEBUG:colcon.colcon_installed_package_information.package_discovery:Found 1 installed packages in /home/tristan/Desktop/ik_test/latest/moveit_ros_ws/install
[0.086s] DEBUG:colcon.colcon_installed_package_information.package_discovery:Found 1 installed packages in /home/tristan/Desktop/ik_test/latest/ik_ros_ws/install
[0.086s] DEBUG:colcon.colcon_installed_package_information.package_discovery:Found 389 installed packages in /opt/ros/jazzy
[0.087s] Level 1:colcon.colcon_core.package_discovery:discover_packages(prefix_path) using defaults
[0.110s] Level 5:colcon.colcon_core.verb:set package 'arm06_moveit' build argument 'cmake_args' from command line to 'None'
[0.110s] Level 5:colcon.colcon_core.verb:set package 'arm06_moveit' build argument 'cmake_target' from command line to 'None'
[0.110s] Level 5:colcon.colcon_core.verb:set package 'arm06_moveit' build argument 'cmake_target_skip_unavailable' from command line to 'False'
[0.110s] Level 5:colcon.colcon_core.verb:set package 'arm06_moveit' build argument 'cmake_clean_cache' from command line to 'False'
[0.110s] Level 5:colcon.colcon_core.verb:set package 'arm06_moveit' build argument 'cmake_clean_first' from command line to 'False'
[0.110s] Level 5:colcon.colcon_core.verb:set package 'arm06_moveit' build argument 'cmake_force_configure' from command line to 'False'
[0.110s] Level 5:colcon.colcon_core.verb:set package 'arm06_moveit' build argument 'ament_cmake_args' from command line to 'None'
[0.110s] Level 5:colcon.colcon_core.verb:set package 'arm06_moveit' build argument 'catkin_cmake_args' from command line to 'None'
[0.110s] Level 5:colcon.colcon_core.verb:set package 'arm06_moveit' build argument 'catkin_skip_building_tests' from command line to 'False'
[0.110s] DEBUG:colcon.colcon_core.verb:Building package 'arm06_moveit' with the following arguments: {'ament_cmake_args': None, 'build_base': '/home/tristan/Desktop/ik_test/latest/moveit_ros_ws/build/arm06_moveit', 'catkin_cmake_args': None, 'catkin_skip_building_tests': False, 'cmake_args': None, 'cmake_clean_cache': False, 'cmake_clean_first': False, 'cmake_force_configure': False, 'cmake_target': None, 'cmake_target_skip_unavailable': False, 'install_base': '/home/tristan/Desktop/ik_test/latest/moveit_ros_ws/install/arm06_moveit', 'merge_install': False, 'path': '/home/tristan/Desktop/ik_test/latest/moveit_ros_ws/src/arm06_moveit', 'symlink_install': False, 'test_result_base': None}
[0.110s] INFO:colcon.colcon_core.executor:Executing jobs using 'parallel' executor
[0.111s] DEBUG:colcon.colcon_parallel_executor.executor.parallel:run_until_complete
[0.111s] INFO:colcon.colcon_ros.task.ament_cmake.build:Building ROS package in '/home/tristan/Desktop/ik_test/latest/moveit_ros_ws/src/arm06_moveit' with build type 'ament_cmake'
[0.111s] INFO:colcon.colcon_cmake.task.cmake.build:Building CMake package in '/home/tristan/Desktop/ik_test/latest/moveit_ros_ws/src/arm06_moveit'
[0.112s] INFO:colcon.colcon_core.plugin_system:Skipping extension 'colcon_core.shell.bat': Not used on non-Windows systems
[0.112s] INFO:colcon.colcon_core.shell:Skip shell extension 'powershell' for command environment: Not usable outside of PowerShell
[0.112s] DEBUG:colcon.colcon_core.shell:Skip shell extension 'dsv' for command environment
[0.118s] DEBUG:colcon.colcon_core.event_handler.log_command:Invoking command in '/home/tristan/Desktop/ik_test/latest/moveit_ros_ws/build/arm06_moveit': CMAKE_PREFIX_PATH=${CMAKE_PREFIX_PATH}:/home/tristan/Desktop/ik_test/latest/ik_ros_ws/install/robot:/opt/ros/jazzy DEBUGINFOD_URLS=https://debuginfod.ubuntu.com /usr/bin/cmake --build /home/tristan/Desktop/ik_test/latest/moveit_ros_ws/build/arm06_moveit -- -j12 -l12
[0.148s] DEBUG:colcon.colcon_core.event_handler.log_command:Invoked command in '/home/tristan/Desktop/ik_test/latest/moveit_ros_ws/build/arm06_moveit' returned '0': CMAKE_PREFIX_PATH=${CMAKE_PREFIX_PATH}:/home/tristan/Desktop/ik_test/latest/ik_ros_ws/install/robot:/opt/ros/jazzy DEBUGINFOD_URLS=https://debuginfod.ubuntu.com /usr/bin/cmake --build /home/tristan/Desktop/ik_test/latest/moveit_ros_ws/build/arm06_moveit -- -j12 -l12
[0.173s] DEBUG:colcon.colcon_core.event_handler.log_command:Invoking command in '/home/tristan/Desktop/ik_test/latest/moveit_ros_ws/build/arm06_moveit': CMAKE_PREFIX_PATH=${CMAKE_PREFIX_PATH}:/home/tristan/Desktop/ik_test/latest/ik_ros_ws/install/robot:/opt/ros/jazzy DEBUGINFOD_URLS=https://debuginfod.ubuntu.com /usr/bin/cmake --install /home/tristan/Desktop/ik_test/latest/moveit_ros_ws/build/arm06_moveit
[0.181s] Level 1:colcon.colcon_core.environment:create_environment_scripts_only(arm06_moveit)
[0.181s] DEBUG:colcon.colcon_core.event_handler.log_command:Invoked command in '/home/tristan/Desktop/ik_test/latest/moveit_ros_ws/build/arm06_moveit' returned '0': CMAKE_PREFIX_PATH=${CMAKE_PREFIX_PATH}:/home/tristan/Desktop/ik_test/latest/ik_ros_ws/install/robot:/opt/ros/jazzy DEBUGINFOD_URLS=https://debuginfod.ubuntu.com /usr/bin/cmake --install /home/tristan/Desktop/ik_test/latest/moveit_ros_ws/build/arm06_moveit
[0.183s] Level 1:colcon.colcon_core.environment:checking '/home/tristan/Desktop/ik_test/latest/moveit_ros_ws/install/arm06_moveit' for CMake module files
[0.184s] Level 1:colcon.colcon_core.environment:checking '/home/tristan/Desktop/ik_test/latest/moveit_ros_ws/install/arm06_moveit' for CMake config files
[0.184s] Level 1:colcon.colcon_core.shell:create_environment_hook('arm06_moveit', 'cmake_prefix_path')
[0.184s] INFO:colcon.colcon_core.shell:Creating environment hook '/home/tristan/Desktop/ik_test/latest/moveit_ros_ws/install/arm06_moveit/share/arm06_moveit/hook/cmake_prefix_path.ps1'
[0.184s] INFO:colcon.colcon_core.shell:Creating environment descriptor '/home/tristan/Desktop/ik_test/latest/moveit_ros_ws/install/arm06_moveit/share/arm06_moveit/hook/cmake_prefix_path.dsv'
[0.184s] INFO:colcon.colcon_core.shell:Creating environment hook '/home/tristan/Desktop/ik_test/latest/moveit_ros_ws/install/arm06_moveit/share/arm06_moveit/hook/cmake_prefix_path.sh'
[0.184s] Level 1:colcon.colcon_core.environment:checking '/home/tristan/Desktop/ik_test/latest/moveit_ros_ws/install/arm06_moveit/bin'
[0.185s] Level 1:colcon.colcon_core.environment:checking '/home/tristan/Desktop/ik_test/latest/moveit_ros_ws/install/arm06_moveit/lib/pkgconfig/arm06_moveit.pc'
[0.185s] Level 1:colcon.colcon_core.environment:checking '/home/tristan/Desktop/ik_test/latest/moveit_ros_ws/install/arm06_moveit/lib/python3.12/site-packages'
[0.185s] Level 1:colcon.colcon_core.environment:checking '/home/tristan/Desktop/ik_test/latest/moveit_ros_ws/install/arm06_moveit/bin'
[0.185s] INFO:colcon.colcon_core.shell:Creating package script '/home/tristan/Desktop/ik_test/latest/moveit_ros_ws/install/arm06_moveit/share/arm06_moveit/package.ps1'
[0.185s] INFO:colcon.colcon_core.shell:Creating package descriptor '/home/tristan/Desktop/ik_test/latest/moveit_ros_ws/install/arm06_moveit/share/arm06_moveit/package.dsv'
[0.185s] INFO:colcon.colcon_core.shell:Creating package script '/home/tristan/Desktop/ik_test/latest/moveit_ros_ws/install/arm06_moveit/share/arm06_moveit/package.sh'
[0.185s] INFO:colcon.colcon_core.shell:Creating package script '/home/tristan/Desktop/ik_test/latest/moveit_ros_ws/install/arm06_moveit/share/arm06_moveit/package.bash'
[0.186s] INFO:colcon.colcon_core.shell:Creating package script '/home/tristan/Desktop/ik_test/latest/moveit_ros_ws/install/arm06_moveit/share/arm06_moveit/package.zsh'
[0.186s] Level 1:colcon.colcon_core.environment:create_file_with_runtime_dependencies(/home/tristan/Desktop/ik_test/latest/moveit_ros_ws/install/arm06_moveit/share/colcon-core/packages/arm06_moveit)
[0.201s] Level 1:colcon.colcon_core.environment:create_environment_scripts_only(arm06_moveit)
[0.202s] Level 1:colcon.colcon_core.environment:checking '/home/tristan/Desktop/ik_test/latest/moveit_ros_ws/install/arm06_moveit' for CMake module files
[0.202s] Level 1:colcon.colcon_core.environment:checking '/home/tristan/Desktop/ik_test/latest/moveit_ros_ws/install/arm06_moveit' for CMake config files
[0.203s] Level 1:colcon.colcon_core.shell:create_environment_hook('arm06_moveit', 'cmake_prefix_path')
[0.203s] INFO:colcon.colcon_core.shell:Creating environment hook '/home/tristan/Desktop/ik_test/latest/moveit_ros_ws/install/arm06_moveit/share/arm06_moveit/hook/cmake_prefix_path.ps1'
[0.203s] INFO:colcon.colcon_core.shell:Creating environment descriptor '/home/tristan/Desktop/ik_test/latest/moveit_ros_ws/install/arm06_moveit/share/arm06_moveit/hook/cmake_prefix_path.dsv'
[0.204s] INFO:colcon.colcon_core.shell:Creating environment hook '/home/tristan/Desktop/ik_test/latest/moveit_ros_ws/install/arm06_moveit/share/arm06_moveit/hook/cmake_prefix_path.sh'
[0.204s] Level 1:colcon.colcon_core.environment:checking '/home/tristan/Desktop/ik_test/latest/moveit_ros_ws/install/arm06_moveit/bin'
[0.204s] Level 1:colcon.colcon_core.environment:checking '/home/tristan/Desktop/ik_test/latest/moveit_ros_ws/install/arm06_moveit/lib/pkgconfig/arm06_moveit.pc'
[0.205s] Level 1:colcon.colcon_core.environment:checking '/home/tristan/Desktop/ik_test/latest/moveit_ros_ws/install/arm06_moveit/lib/python3.12/site-packages'
[0.205s] Level 1:colcon.colcon_core.environment:checking '/home/tristan/Desktop/ik_test/latest/moveit_ros_ws/install/arm06_moveit/bin'
[0.205s] INFO:colcon.colcon_core.shell:Creating package script '/home/tristan/Desktop/ik_test/latest/moveit_ros_ws/install/arm06_moveit/share/arm06_moveit/package.ps1'
[0.205s] INFO:colcon.colcon_core.shell:Creating package descriptor '/home/tristan/Desktop/ik_test/latest/moveit_ros_ws/install/arm06_moveit/share/arm06_moveit/package.dsv'
[0.205s] INFO:colcon.colcon_core.shell:Creating package script '/home/tristan/Desktop/ik_test/latest/moveit_ros_ws/install/arm06_moveit/share/arm06_moveit/package.sh'
[0.205s] INFO:colcon.colcon_core.shell:Creating package script '/home/tristan/Desktop/ik_test/latest/moveit_ros_ws/install/arm06_moveit/share/arm06_moveit/package.bash'
[0.206s] INFO:colcon.colcon_core.shell:Creating package script '/home/tristan/Desktop/ik_test/latest/moveit_ros_ws/install/arm06_moveit/share/arm06_moveit/package.zsh'
[0.206s] Level 1:colcon.colcon_core.environment:create_file_with_runtime_dependencies(/home/tristan/Desktop/ik_test/latest/moveit_ros_ws/install/arm06_moveit/share/colcon-core/packages/arm06_moveit)
[0.206s] DEBUG:colcon.colcon_parallel_executor.executor.parallel:closing loop
[0.206s] DEBUG:colcon.colcon_parallel_executor.executor.parallel:loop closed
[0.206s] DEBUG:colcon.colcon_parallel_executor.executor.parallel:run_until_complete finished with '0'
[0.206s] DEBUG:colcon.colcon_core.event_reactor:joining thread
[0.211s] INFO:colcon.colcon_core.plugin_system:Skipping extension 'colcon_notification.desktop_notification.terminal_notifier': Not used on non-Darwin systems
[0.211s] INFO:colcon.colcon_core.plugin_system:Skipping extension 'colcon_notification.desktop_notification.win32': Not used on non-Windows systems
[0.211s] INFO:colcon.colcon_notification.desktop_notification:Sending desktop notification using 'notify2'
[0.222s] DEBUG:colcon.colcon_core.event_reactor:joined thread
[0.222s] INFO:colcon.colcon_core.shell:Creating prefix script '/home/tristan/Desktop/ik_test/latest/moveit_ros_ws/install/local_setup.ps1'
[0.223s] INFO:colcon.colcon_core.shell:Creating prefix util module '/home/tristan/Desktop/ik_test/latest/moveit_ros_ws/install/_local_setup_util_ps1.py'
[0.224s] INFO:colcon.colcon_core.shell:Creating prefix chain script '/home/tristan/Desktop/ik_test/latest/moveit_ros_ws/install/setup.ps1'
[0.224s] INFO:colcon.colcon_core.shell:Creating prefix script '/home/tristan/Desktop/ik_test/latest/moveit_ros_ws/install/local_setup.sh'
[0.225s] INFO:colcon.colcon_core.shell:Creating prefix util module '/home/tristan/Desktop/ik_test/latest/moveit_ros_ws/install/_local_setup_util_sh.py'
[0.225s] INFO:colcon.colcon_core.shell:Creating prefix chain script '/home/tristan/Desktop/ik_test/latest/moveit_ros_ws/install/setup.sh'
[0.225s] INFO:colcon.colcon_core.shell:Creating prefix script '/home/tristan/Desktop/ik_test/latest/moveit_ros_ws/install/local_setup.bash'
[0.225s] INFO:colcon.colcon_core.shell:Creating prefix chain script '/home/tristan/Desktop/ik_test/latest/moveit_ros_ws/install/setup.bash'
[0.226s] INFO:colcon.colcon_core.shell:Creating prefix script '/home/tristan/Desktop/ik_test/latest/moveit_ros_ws/install/local_setup.zsh'
[0.226s] INFO:colcon.colcon_core.shell:Creating prefix chain script '/home/tristan/Desktop/ik_test/latest/moveit_ros_ws/install/setup.zsh'
