/home/tristan/Desktop/ik_test/latest/ik_ros_ws/install/robot/lib/python3.12/site-packages/robot/state_publisher.py
/home/tristan/Desktop/ik_test/latest/ik_ros_ws/install/robot/lib/python3.12/site-packages/robot/old_state_publisher.py
/home/tristan/Desktop/ik_test/latest/ik_ros_ws/install/robot/lib/python3.12/site-packages/robot/__init__.py
/home/tristan/Desktop/ik_test/latest/ik_ros_ws/install/robot/lib/python3.12/site-packages/robot/__pycache__/state_publisher.cpython-312.pyc
/home/tristan/Desktop/ik_test/latest/ik_ros_ws/install/robot/lib/python3.12/site-packages/robot/__pycache__/old_state_publisher.cpython-312.pyc
/home/tristan/Desktop/ik_test/latest/ik_ros_ws/install/robot/lib/python3.12/site-packages/robot/__pycache__/__init__.cpython-312.pyc
/home/tristan/Desktop/ik_test/latest/ik_ros_ws/install/robot/share/ament_index/resource_index/packages/robot
/home/tristan/Desktop/ik_test/latest/ik_ros_ws/install/robot/share/robot/package.xml
/home/tristan/Desktop/ik_test/latest/ik_ros_ws/install/robot/share/robot/launch/demo.launch.py
/home/tristan/Desktop/ik_test/latest/ik_ros_ws/install/robot/share/robot/arm06.urdf
/home/tristan/Desktop/ik_test/latest/ik_ros_ws/install/robot/share/robot/r2d2.rviz
/home/tristan/Desktop/ik_test/latest/ik_ros_ws/install/robot/share/robot/Arm02.urdf
/home/tristan/Desktop/ik_test/latest/ik_ros_ws/install/robot/share/robot/r2d2.urdf.xml
/home/tristan/Desktop/ik_test/latest/ik_ros_ws/install/robot/share/robot/arm05.urdf
/home/tristan/Desktop/ik_test/latest/ik_ros_ws/install/robot/lib/python3.12/site-packages/robot-0.0.0-py3.12.egg-info/PKG-INFO
/home/tristan/Desktop/ik_test/latest/ik_ros_ws/install/robot/lib/python3.12/site-packages/robot-0.0.0-py3.12.egg-info/top_level.txt
/home/tristan/Desktop/ik_test/latest/ik_ros_ws/install/robot/lib/python3.12/site-packages/robot-0.0.0-py3.12.egg-info/dependency_links.txt
/home/tristan/Desktop/ik_test/latest/ik_ros_ws/install/robot/lib/python3.12/site-packages/robot-0.0.0-py3.12.egg-info/SOURCES.txt
/home/tristan/Desktop/ik_test/latest/ik_ros_ws/install/robot/lib/python3.12/site-packages/robot-0.0.0-py3.12.egg-info/requires.txt
/home/tristan/Desktop/ik_test/latest/ik_ros_ws/install/robot/lib/python3.12/site-packages/robot-0.0.0-py3.12.egg-info/entry_points.txt
/home/tristan/Desktop/ik_test/latest/ik_ros_ws/install/robot/lib/python3.12/site-packages/robot-0.0.0-py3.12.egg-info/zip-safe
/home/tristan/Desktop/ik_test/latest/ik_ros_ws/install/robot/lib/robot/state_publisher
