[0.360s] Invoking command in '/home/tristan/Desktop/ik_test/latest/ik_ros_ws/src/converted_r2d2': DEBUGINFOD_URLS=https://debuginfod.ubuntu.com PYTHONPATH=/home/tristan/Desktop/ik_test/latest/ik_ros_ws/build/robot/prefix_override:/usr/lib/python3/dist-packages/colcon_core/task/python/colcon_distutils_commands:/home/tristan/Desktop/ik_test/latest/ik_ros_ws/install/robot/lib/python3.12/site-packages:${PYTHONPATH} /usr/bin/python3 -W ignore:setup.py install is deprecated setup.py egg_info --egg-base ../../build/robot build --build-base /home/tristan/Desktop/ik_test/latest/ik_ros_ws/build/robot/build install --record /home/tristan/Desktop/ik_test/latest/ik_ros_ws/build/robot/install.log --single-version-externally-managed install_data
[0.469s] running egg_info
[0.476s] writing ../../build/robot/robot.egg-info/PKG-INFO
[0.476s] writing dependency_links to ../../build/robot/robot.egg-info/dependency_links.txt
[0.476s] writing entry points to ../../build/robot/robot.egg-info/entry_points.txt
[0.476s] writing requirements to ../../build/robot/robot.egg-info/requires.txt
[0.477s] writing top-level names to ../../build/robot/robot.egg-info/top_level.txt
[0.493s] reading manifest file '../../build/robot/robot.egg-info/SOURCES.txt'
[0.493s] adding license file 'LICENSE'
[0.493s] writing manifest file '../../build/robot/robot.egg-info/SOURCES.txt'
[0.493s] running build
[0.493s] running build_py
[0.493s] running install
[0.496s] running install_lib
[0.504s] running install_data
[0.505s] running install_egg_info
[0.513s] removing '/home/tristan/Desktop/ik_test/latest/ik_ros_ws/install/robot/lib/python3.12/site-packages/robot-0.0.0-py3.12.egg-info' (and everything under it)
[0.513s] Copying ../../build/robot/robot.egg-info to /home/tristan/Desktop/ik_test/latest/ik_ros_ws/install/robot/lib/python3.12/site-packages/robot-0.0.0-py3.12.egg-info
[0.513s] running install_scripts
[0.566s] Installing state_publisher script to /home/tristan/Desktop/ik_test/latest/ik_ros_ws/install/robot/lib/robot
[0.567s] writing list of installed files to '/home/tristan/Desktop/ik_test/latest/ik_ros_ws/build/robot/install.log'
[0.579s] Invoked command in '/home/tristan/Desktop/ik_test/latest/ik_ros_ws/src/converted_r2d2' returned '0': DEBUGINFOD_URLS=https://debuginfod.ubuntu.com PYTHONPATH=/home/tristan/Desktop/ik_test/latest/ik_ros_ws/build/robot/prefix_override:/usr/lib/python3/dist-packages/colcon_core/task/python/colcon_distutils_commands:/home/tristan/Desktop/ik_test/latest/ik_ros_ws/install/robot/lib/python3.12/site-packages:${PYTHONPATH} /usr/bin/python3 -W ignore:setup.py install is deprecated setup.py egg_info --egg-base ../../build/robot build --build-base /home/tristan/Desktop/ik_test/latest/ik_ros_ws/build/robot/build install --record /home/tristan/Desktop/ik_test/latest/ik_ros_ws/build/robot/install.log --single-version-externally-managed install_data
