[0.377s] Invoking command in '/home/tristan/Desktop/ik_test/latest/ik_ros_ws/build/robot': DEBUGINFOD_URLS=https://debuginfod.ubuntu.com PYTHONPATH=/home/tristan/Desktop/ik_test/latest/ik_ros_ws/build/robot/prefix_override:/usr/lib/python3/dist-packages/colcon_core/task/python/colcon_distutils_commands:/home/tristan/Desktop/ik_test/latest/ik_ros_ws/install/robot/lib/python3.12/site-packages:${PYTHONPATH} /usr/bin/python3 -W ignore:setup.py install is deprecated setup.py develop --editable --build-directory /home/tristan/Desktop/ik_test/latest/ik_ros_ws/build/robot/build --no-deps symlink_data --force
[0.517s] running develop
[0.517s] /usr/lib/python3/dist-packages/setuptools/command/develop.py:40: EasyInstallDeprecationWarning: easy_install command is deprecated.
[0.517s] !!
[0.518s] 
[0.518s]         ********************************************************************************
[0.518s]         Please avoid running ``setup.py`` and ``easy_install``.
[0.518s]         Instead, use pypa/build, pypa/installer or other
[0.518s]         standards-based tools.
[0.518s] 
[0.519s]         See https://github.com/pypa/setuptools/issues/917 for details.
[0.519s]         ********************************************************************************
[0.519s] 
[0.519s] !!
[0.519s]   easy_install.initialize_options(self)
[0.585s] /usr/lib/python3/dist-packages/setuptools/command/easy_install.py:363: UserWarning: Unbuilt egg for pytest-repeat [unknown version] (/usr/lib/python3/dist-packages)
[0.585s]   self.local_index = Environment(self.shadow_path + sys.path)
[0.598s] running egg_info
[0.607s] writing robot.egg-info/PKG-INFO
[0.607s] writing dependency_links to robot.egg-info/dependency_links.txt
[0.607s] writing entry points to robot.egg-info/entry_points.txt
[0.607s] writing requirements to robot.egg-info/requires.txt
[0.607s] writing top-level names to robot.egg-info/top_level.txt
[0.623s] reading manifest file 'robot.egg-info/SOURCES.txt'
[0.623s] writing manifest file 'robot.egg-info/SOURCES.txt'
[0.631s] running build_ext
[0.631s] Creating /home/tristan/Desktop/ik_test/latest/ik_ros_ws/install/robot/lib/python3.12/site-packages/robot.egg-link (link to .)
[0.632s] Installing state_publisher script to /home/tristan/Desktop/ik_test/latest/ik_ros_ws/install/robot/lib/robot
[0.632s] 
[0.632s] Installed /home/tristan/Desktop/ik_test/latest/ik_ros_ws/build/robot
[0.632s] running symlink_data
[0.632s] symbolically linking /home/tristan/Desktop/ik_test/latest/ik_ros_ws/build/robot/resource/robot -> /home/tristan/Desktop/ik_test/latest/ik_ros_ws/install/robot/share/ament_index/resource_index/packages
[0.632s] symbolically linking /home/tristan/Desktop/ik_test/latest/ik_ros_ws/build/robot/package.xml -> /home/tristan/Desktop/ik_test/latest/ik_ros_ws/install/robot/share/robot
[0.632s] symbolically linking /home/tristan/Desktop/ik_test/latest/ik_ros_ws/build/robot/launch/demo.launch.py -> /home/tristan/Desktop/ik_test/latest/ik_ros_ws/install/robot/share/robot/launch
[0.632s] symbolically linking /home/tristan/Desktop/ik_test/latest/ik_ros_ws/build/robot/urdf/arm06.urdf -> /home/tristan/Desktop/ik_test/latest/ik_ros_ws/install/robot/share/robot
[0.632s] symbolically linking /home/tristan/Desktop/ik_test/latest/ik_ros_ws/build/robot/urdf/r2d2.rviz -> /home/tristan/Desktop/ik_test/latest/ik_ros_ws/install/robot/share/robot
[0.633s] symbolically linking /home/tristan/Desktop/ik_test/latest/ik_ros_ws/build/robot/urdf/Arm02.urdf -> /home/tristan/Desktop/ik_test/latest/ik_ros_ws/install/robot/share/robot
[0.633s] symbolically linking /home/tristan/Desktop/ik_test/latest/ik_ros_ws/build/robot/urdf/r2d2.urdf.xml -> /home/tristan/Desktop/ik_test/latest/ik_ros_ws/install/robot/share/robot
[0.633s] symbolically linking /home/tristan/Desktop/ik_test/latest/ik_ros_ws/build/robot/urdf/arm05.urdf -> /home/tristan/Desktop/ik_test/latest/ik_ros_ws/install/robot/share/robot
[0.633s] symbolically linking /home/tristan/Desktop/ik_test/latest/ik_ros_ws/build/robot/urdf/viz.rviz -> /home/tristan/Desktop/ik_test/latest/ik_ros_ws/install/robot/share/robot
[0.647s] Invoked command in '/home/tristan/Desktop/ik_test/latest/ik_ros_ws/build/robot' returned '0': DEBUGINFOD_URLS=https://debuginfod.ubuntu.com PYTHONPATH=/home/tristan/Desktop/ik_test/latest/ik_ros_ws/build/robot/prefix_override:/usr/lib/python3/dist-packages/colcon_core/task/python/colcon_distutils_commands:/home/tristan/Desktop/ik_test/latest/ik_ros_ws/install/robot/lib/python3.12/site-packages:${PYTHONPATH} /usr/bin/python3 -W ignore:setup.py install is deprecated setup.py develop --editable --build-directory /home/tristan/Desktop/ik_test/latest/ik_ros_ws/build/robot/build --no-deps symlink_data --force
