-- Install configuration: ""
-- Up-to-date: /home/tristan/Desktop/ik_test/latest/moveit_ros_ws/install/arm06_moveit/share/ament_index/resource_index/package_run_dependencies/arm06_moveit
-- Up-to-date: /home/tristan/Desktop/ik_test/latest/moveit_ros_ws/install/arm06_moveit/share/ament_index/resource_index/parent_prefix_path/arm06_moveit
-- Up-to-date: /home/tristan/Desktop/ik_test/latest/moveit_ros_ws/install/arm06_moveit/share/arm06_moveit/environment/ament_prefix_path.sh
-- Up-to-date: /home/tristan/Desktop/ik_test/latest/moveit_ros_ws/install/arm06_moveit/share/arm06_moveit/environment/ament_prefix_path.dsv
-- Up-to-date: /home/tristan/Desktop/ik_test/latest/moveit_ros_ws/install/arm06_moveit/share/arm06_moveit/environment/path.sh
-- Up-to-date: /home/tristan/Desktop/ik_test/latest/moveit_ros_ws/install/arm06_moveit/share/arm06_moveit/environment/path.dsv
-- Up-to-date: /home/tristan/Desktop/ik_test/latest/moveit_ros_ws/install/arm06_moveit/share/arm06_moveit/local_setup.bash
-- Up-to-date: /home/tristan/Desktop/ik_test/latest/moveit_ros_ws/install/arm06_moveit/share/arm06_moveit/local_setup.sh
-- Up-to-date: /home/tristan/Desktop/ik_test/latest/moveit_ros_ws/install/arm06_moveit/share/arm06_moveit/local_setup.zsh
-- Up-to-date: /home/tristan/Desktop/ik_test/latest/moveit_ros_ws/install/arm06_moveit/share/arm06_moveit/local_setup.dsv
-- Installing: /home/tristan/Desktop/ik_test/latest/moveit_ros_ws/install/arm06_moveit/share/arm06_moveit/package.dsv
-- Up-to-date: /home/tristan/Desktop/ik_test/latest/moveit_ros_ws/install/arm06_moveit/share/ament_index/resource_index/packages/arm06_moveit
-- Up-to-date: /home/tristan/Desktop/ik_test/latest/moveit_ros_ws/install/arm06_moveit/share/arm06_moveit/cmake/arm06_moveitConfig.cmake
-- Up-to-date: /home/tristan/Desktop/ik_test/latest/moveit_ros_ws/install/arm06_moveit/share/arm06_moveit/cmake/arm06_moveitConfig-version.cmake
-- Up-to-date: /home/tristan/Desktop/ik_test/latest/moveit_ros_ws/install/arm06_moveit/share/arm06_moveit/package.xml
-- Up-to-date: /home/tristan/Desktop/ik_test/latest/moveit_ros_ws/install/arm06_moveit/share/arm06_moveit/launch
-- Up-to-date: /home/tristan/Desktop/ik_test/latest/moveit_ros_ws/install/arm06_moveit/share/arm06_moveit/launch/moveit_rviz.launch.py
-- Up-to-date: /home/tristan/Desktop/ik_test/latest/moveit_ros_ws/install/arm06_moveit/share/arm06_moveit/launch/demo.launch.py
-- Up-to-date: /home/tristan/Desktop/ik_test/latest/moveit_ros_ws/install/arm06_moveit/share/arm06_moveit/launch/spawn_controllers.launch.py
-- Up-to-date: /home/tristan/Desktop/ik_test/latest/moveit_ros_ws/install/arm06_moveit/share/arm06_moveit/launch/static_virtual_joint_tfs.launch.py
-- Up-to-date: /home/tristan/Desktop/ik_test/latest/moveit_ros_ws/install/arm06_moveit/share/arm06_moveit/launch/setup_assistant.launch.py
-- Up-to-date: /home/tristan/Desktop/ik_test/latest/moveit_ros_ws/install/arm06_moveit/share/arm06_moveit/launch/rsp.launch.py
-- Up-to-date: /home/tristan/Desktop/ik_test/latest/moveit_ros_ws/install/arm06_moveit/share/arm06_moveit/launch/move_group.launch.py
-- Installing: /home/tristan/Desktop/ik_test/latest/moveit_ros_ws/install/arm06_moveit/share/arm06_moveit/launch/moveit2_planning.launch.py
-- Up-to-date: /home/tristan/Desktop/ik_test/latest/moveit_ros_ws/install/arm06_moveit/share/arm06_moveit/launch/warehouse_db.launch.py
-- Up-to-date: /home/tristan/Desktop/ik_test/latest/moveit_ros_ws/install/arm06_moveit/share/arm06_moveit/config
-- Up-to-date: /home/tristan/Desktop/ik_test/latest/moveit_ros_ws/install/arm06_moveit/share/arm06_moveit/config/arm06.ros2_control.xacro
-- Up-to-date: /home/tristan/Desktop/ik_test/latest/moveit_ros_ws/install/arm06_moveit/share/arm06_moveit/config/joint_limits.yaml
-- Up-to-date: /home/tristan/Desktop/ik_test/latest/moveit_ros_ws/install/arm06_moveit/share/arm06_moveit/config/arm06.srdf
-- Up-to-date: /home/tristan/Desktop/ik_test/latest/moveit_ros_ws/install/arm06_moveit/share/arm06_moveit/config/ros2_controllers.yaml
-- Up-to-date: /home/tristan/Desktop/ik_test/latest/moveit_ros_ws/install/arm06_moveit/share/arm06_moveit/config/initial_positions.yaml
-- Up-to-date: /home/tristan/Desktop/ik_test/latest/moveit_ros_ws/install/arm06_moveit/share/arm06_moveit/config/kinematics.yaml
-- Up-to-date: /home/tristan/Desktop/ik_test/latest/moveit_ros_ws/install/arm06_moveit/share/arm06_moveit/config/moveit.rviz
-- Up-to-date: /home/tristan/Desktop/ik_test/latest/moveit_ros_ws/install/arm06_moveit/share/arm06_moveit/config/pilz_cartesian_limits.yaml
-- Up-to-date: /home/tristan/Desktop/ik_test/latest/moveit_ros_ws/install/arm06_moveit/share/arm06_moveit/config/arm06.urdf.xacro
-- Up-to-date: /home/tristan/Desktop/ik_test/latest/moveit_ros_ws/install/arm06_moveit/share/arm06_moveit/.setup_assistant
