[0.008s] Invoking command in '/home/tristan/Desktop/ik_test/latest/moveit_ros_ws/build/arm06_moveit': CMAKE_PREFIX_PATH=${CMAKE_PREFIX_PATH}:/opt/ros/jazzy DEBUGINFOD_URLS=https://debuginfod.ubuntu.com /usr/bin/cmake --build /home/tristan/Desktop/ik_test/latest/moveit_ros_ws/build/arm06_moveit -- -j12 -l12
[0.041s] Invoked command in '/home/tristan/Desktop/ik_test/latest/moveit_ros_ws/build/arm06_moveit' returned '0': CMAKE_PREFIX_PATH=${CMAKE_PREFIX_PATH}:/opt/ros/jazzy DEBUGINFOD_URLS=https://debuginfod.ubuntu.com /usr/bin/cmake --build /home/tristan/Desktop/ik_test/latest/moveit_ros_ws/build/arm06_moveit -- -j12 -l12
[0.067s] Invoking command in '/home/tristan/Desktop/ik_test/latest/moveit_ros_ws/build/arm06_moveit': CMAKE_PREFIX_PATH=${CMAKE_PREFIX_PATH}:/opt/ros/jazzy DEBUGINFOD_URLS=https://debuginfod.ubuntu.com /usr/bin/cmake --install /home/tristan/Desktop/ik_test/latest/moveit_ros_ws/build/arm06_moveit
[0.074s] -- Install configuration: ""
[0.074s] -- Up-to-date: /home/tristan/Desktop/ik_test/latest/moveit_ros_ws/install/arm06_moveit/share/ament_index/resource_index/package_run_dependencies/arm06_moveit
[0.074s] -- Up-to-date: /home/tristan/Desktop/ik_test/latest/moveit_ros_ws/install/arm06_moveit/share/ament_index/resource_index/parent_prefix_path/arm06_moveit
[0.074s] -- Up-to-date: /home/tristan/Desktop/ik_test/latest/moveit_ros_ws/install/arm06_moveit/share/arm06_moveit/environment/ament_prefix_path.sh
[0.074s] -- Up-to-date: /home/tristan/Desktop/ik_test/latest/moveit_ros_ws/install/arm06_moveit/share/arm06_moveit/environment/ament_prefix_path.dsv
[0.075s] -- Up-to-date: /home/tristan/Desktop/ik_test/latest/moveit_ros_ws/install/arm06_moveit/share/arm06_moveit/environment/path.sh
[0.075s] -- Up-to-date: /home/tristan/Desktop/ik_test/latest/moveit_ros_ws/install/arm06_moveit/share/arm06_moveit/environment/path.dsv
[0.075s] -- Up-to-date: /home/tristan/Desktop/ik_test/latest/moveit_ros_ws/install/arm06_moveit/share/arm06_moveit/local_setup.bash
[0.075s] -- Up-to-date: /home/tristan/Desktop/ik_test/latest/moveit_ros_ws/install/arm06_moveit/share/arm06_moveit/local_setup.sh
[0.075s] -- Up-to-date: /home/tristan/Desktop/ik_test/latest/moveit_ros_ws/install/arm06_moveit/share/arm06_moveit/local_setup.zsh
[0.075s] -- Up-to-date: /home/tristan/Desktop/ik_test/latest/moveit_ros_ws/install/arm06_moveit/share/arm06_moveit/local_setup.dsv
[0.075s] -- Installing: /home/tristan/Desktop/ik_test/latest/moveit_ros_ws/install/arm06_moveit/share/arm06_moveit/package.dsv
[0.075s] -- Up-to-date: /home/tristan/Desktop/ik_test/latest/moveit_ros_ws/install/arm06_moveit/share/ament_index/resource_index/packages/arm06_moveit
[0.075s] -- Up-to-date: /home/tristan/Desktop/ik_test/latest/moveit_ros_ws/install/arm06_moveit/share/arm06_moveit/cmake/arm06_moveitConfig.cmake
[0.075s] -- Up-to-date: /home/tristan/Desktop/ik_test/latest/moveit_ros_ws/install/arm06_moveit/share/arm06_moveit/cmake/arm06_moveitConfig-version.cmake
[0.075s] -- Up-to-date: /home/tristan/Desktop/ik_test/latest/moveit_ros_ws/install/arm06_moveit/share/arm06_moveit/package.xml
[0.075s] -- Up-to-date: /home/tristan/Desktop/ik_test/latest/moveit_ros_ws/install/arm06_moveit/share/arm06_moveit/launch
[0.075s] -- Up-to-date: /home/tristan/Desktop/ik_test/latest/moveit_ros_ws/install/arm06_moveit/share/arm06_moveit/launch/moveit_rviz.launch.py
[0.076s] -- Up-to-date: /home/tristan/Desktop/ik_test/latest/moveit_ros_ws/install/arm06_moveit/share/arm06_moveit/launch/demo.launch.py
[0.076s] -- Up-to-date: /home/tristan/Desktop/ik_test/latest/moveit_ros_ws/install/arm06_moveit/share/arm06_moveit/launch/spawn_controllers.launch.py
[0.076s] -- Up-to-date: /home/tristan/Desktop/ik_test/latest/moveit_ros_ws/install/arm06_moveit/share/arm06_moveit/launch/static_virtual_joint_tfs.launch.py
[0.076s] -- Up-to-date: /home/tristan/Desktop/ik_test/latest/moveit_ros_ws/install/arm06_moveit/share/arm06_moveit/launch/setup_assistant.launch.py
[0.076s] -- Up-to-date: /home/tristan/Desktop/ik_test/latest/moveit_ros_ws/install/arm06_moveit/share/arm06_moveit/launch/rsp.launch.py
[0.076s] -- Up-to-date: /home/tristan/Desktop/ik_test/latest/moveit_ros_ws/install/arm06_moveit/share/arm06_moveit/launch/move_group.launch.py
[0.076s] -- Up-to-date: /home/tristan/Desktop/ik_test/latest/moveit_ros_ws/install/arm06_moveit/share/arm06_moveit/launch/moveit2_planning.launch.py
[0.076s] -- Up-to-date: /home/tristan/Desktop/ik_test/latest/moveit_ros_ws/install/arm06_moveit/share/arm06_moveit/launch/warehouse_db.launch.py
[0.077s] -- Up-to-date: /home/tristan/Desktop/ik_test/latest/moveit_ros_ws/install/arm06_moveit/share/arm06_moveit/config
[0.077s] -- Up-to-date: /home/tristan/Desktop/ik_test/latest/moveit_ros_ws/install/arm06_moveit/share/arm06_moveit/config/arm06.ros2_control.xacro
[0.077s] -- Up-to-date: /home/tristan/Desktop/ik_test/latest/moveit_ros_ws/install/arm06_moveit/share/arm06_moveit/config/joint_limits.yaml
[0.077s] -- Up-to-date: /home/tristan/Desktop/ik_test/latest/moveit_ros_ws/install/arm06_moveit/share/arm06_moveit/config/arm06.srdf
[0.077s] -- Up-to-date: /home/tristan/Desktop/ik_test/latest/moveit_ros_ws/install/arm06_moveit/share/arm06_moveit/config/ros2_controllers.yaml
[0.077s] -- Up-to-date: /home/tristan/Desktop/ik_test/latest/moveit_ros_ws/install/arm06_moveit/share/arm06_moveit/config/initial_positions.yaml
[0.077s] -- Up-to-date: /home/tristan/Desktop/ik_test/latest/moveit_ros_ws/install/arm06_moveit/share/arm06_moveit/config/kinematics.yaml
[0.077s] -- Up-to-date: /home/tristan/Desktop/ik_test/latest/moveit_ros_ws/install/arm06_moveit/share/arm06_moveit/config/moveit.rviz
[0.077s] -- Up-to-date: /home/tristan/Desktop/ik_test/latest/moveit_ros_ws/install/arm06_moveit/share/arm06_moveit/config/pilz_cartesian_limits.yaml
[0.077s] -- Up-to-date: /home/tristan/Desktop/ik_test/latest/moveit_ros_ws/install/arm06_moveit/share/arm06_moveit/config/arm06.urdf.xacro
[0.077s] -- Up-to-date: /home/tristan/Desktop/ik_test/latest/moveit_ros_ws/install/arm06_moveit/share/arm06_moveit/.setup_assistant
[0.077s] Invoked command in '/home/tristan/Desktop/ik_test/latest/moveit_ros_ws/build/arm06_moveit' returned '0': CMAKE_PREFIX_PATH=${CMAKE_PREFIX_PATH}:/opt/ros/jazzy DEBUGINFOD_URLS=https://debuginfod.ubuntu.com /usr/bin/cmake --install /home/tristan/Desktop/ik_test/latest/moveit_ros_ws/build/arm06_moveit
