[0.325s] Invoking command in '/home/tristan/astra/ik_test/latest/ik_ros_ws/src/converted_r2d2': PYTHONPATH=/home/tristan/astra/ik_test/latest/ik_ros_ws/build/robot/prefix_override:/usr/lib/python3/dist-packages/colcon_core/task/python/colcon_distutils_commands:/home/tristan/astra/ik_test/latest/ik_ros_ws/install/robot/lib/python3.10/site-packages:${PYTHONPATH} /usr/bin/python3 -W ignore:setup.py install is deprecated setup.py egg_info --egg-base ../../build/robot build --build-base /home/tristan/astra/ik_test/latest/ik_ros_ws/build/robot/build install --record /home/tristan/astra/ik_test/latest/ik_ros_ws/build/robot/install.log --single-version-externally-managed install_data
[0.450s] running egg_info
[0.450s] writing ../../build/robot/robot.egg-info/PKG-INFO
[0.450s] writing dependency_links to ../../build/robot/robot.egg-info/dependency_links.txt
[0.450s] writing entry points to ../../build/robot/robot.egg-info/entry_points.txt
[0.451s] writing requirements to ../../build/robot/robot.egg-info/requires.txt
[0.451s] writing top-level names to ../../build/robot/robot.egg-info/top_level.txt
[0.452s] reading manifest file '../../build/robot/robot.egg-info/SOURCES.txt'
[0.452s] adding license file 'LICENSE'
[0.453s] writing manifest file '../../build/robot/robot.egg-info/SOURCES.txt'
[0.453s] running build
[0.453s] running build_py
[0.453s] running install
[0.453s] running install_lib
[0.454s] running install_data
[0.454s] running install_egg_info
[0.455s] removing '/home/tristan/astra/ik_test/latest/ik_ros_ws/install/robot/lib/python3.10/site-packages/robot-0.0.0-py3.10.egg-info' (and everything under it)
[0.455s] Copying ../../build/robot/robot.egg-info to /home/tristan/astra/ik_test/latest/ik_ros_ws/install/robot/lib/python3.10/site-packages/robot-0.0.0-py3.10.egg-info
[0.455s] running install_scripts
[0.464s] Installing state_publisher script to /home/tristan/astra/ik_test/latest/ik_ros_ws/install/robot/lib/robot
[0.465s] writing list of installed files to '/home/tristan/astra/ik_test/latest/ik_ros_ws/build/robot/install.log'
[0.478s] Invoked command in '/home/tristan/astra/ik_test/latest/ik_ros_ws/src/converted_r2d2' returned '0': PYTHONPATH=/home/tristan/astra/ik_test/latest/ik_ros_ws/build/robot/prefix_override:/usr/lib/python3/dist-packages/colcon_core/task/python/colcon_distutils_commands:/home/tristan/astra/ik_test/latest/ik_ros_ws/install/robot/lib/python3.10/site-packages:${PYTHONPATH} /usr/bin/python3 -W ignore:setup.py install is deprecated setup.py egg_info --egg-base ../../build/robot build --build-base /home/tristan/astra/ik_test/latest/ik_ros_ws/build/robot/build install --record /home/tristan/astra/ik_test/latest/ik_ros_ws/build/robot/install.log --single-version-externally-managed install_data
