[0.542s] Invoking command in '/home/tristan/astra/ik_test/latest/ik_ros_ws/src/converted_r2d2': PYTHONPATH=/home/tristan/astra/ik_test/latest/ik_ros_ws/build/robot/prefix_override:/usr/lib/python3/dist-packages/colcon_core/task/python/colcon_distutils_commands:/home/tristan/astra/ik_test/latest/ik_ros_ws/install/robot/lib/python3.10/site-packages:${PYTHONPATH} /usr/bin/python3 -W ignore:setup.py install is deprecated setup.py egg_info --egg-base ../../build/robot build --build-base /home/tristan/astra/ik_test/latest/ik_ros_ws/build/robot/build install --record /home/tristan/astra/ik_test/latest/ik_ros_ws/build/robot/install.log --single-version-externally-managed install_data
[0.702s] running egg_info
[0.703s] writing ../../build/robot/robot.egg-info/PKG-INFO
[0.703s] writing dependency_links to ../../build/robot/robot.egg-info/dependency_links.txt
[0.703s] writing entry points to ../../build/robot/robot.egg-info/entry_points.txt
[0.704s] writing requirements to ../../build/robot/robot.egg-info/requires.txt
[0.704s] writing top-level names to ../../build/robot/robot.egg-info/top_level.txt
[0.705s] reading manifest file '../../build/robot/robot.egg-info/SOURCES.txt'
[0.705s] adding license file 'LICENSE'
[0.706s] writing manifest file '../../build/robot/robot.egg-info/SOURCES.txt'
[0.706s] running build
[0.706s] running build_py
[0.706s] running install
[0.706s] running install_lib
[0.707s] creating /home/tristan/astra/ik_test/latest/ik_ros_ws/install/robot/lib/python3.10/site-packages/robot
[0.707s] copying /home/tristan/astra/ik_test/latest/ik_ros_ws/build/robot/build/lib/robot/__init__.py -> /home/tristan/astra/ik_test/latest/ik_ros_ws/install/robot/lib/python3.10/site-packages/robot
[0.707s] copying /home/tristan/astra/ik_test/latest/ik_ros_ws/build/robot/build/lib/robot/state_publisher.py -> /home/tristan/astra/ik_test/latest/ik_ros_ws/install/robot/lib/python3.10/site-packages/robot
[0.707s] copying /home/tristan/astra/ik_test/latest/ik_ros_ws/build/robot/build/lib/robot/old_state_publisher.py -> /home/tristan/astra/ik_test/latest/ik_ros_ws/install/robot/lib/python3.10/site-packages/robot
[0.707s] byte-compiling /home/tristan/astra/ik_test/latest/ik_ros_ws/install/robot/lib/python3.10/site-packages/robot/__init__.py to __init__.cpython-310.pyc
[0.707s] byte-compiling /home/tristan/astra/ik_test/latest/ik_ros_ws/install/robot/lib/python3.10/site-packages/robot/state_publisher.py to state_publisher.cpython-310.pyc
[0.708s] byte-compiling /home/tristan/astra/ik_test/latest/ik_ros_ws/install/robot/lib/python3.10/site-packages/robot/old_state_publisher.py to old_state_publisher.cpython-310.pyc
[0.709s] running install_data
[0.709s] running install_egg_info
[0.710s] Copying ../../build/robot/robot.egg-info to /home/tristan/astra/ik_test/latest/ik_ros_ws/install/robot/lib/python3.10/site-packages/robot-0.0.0-py3.10.egg-info
[0.711s] running install_scripts
[0.723s] Installing state_publisher script to /home/tristan/astra/ik_test/latest/ik_ros_ws/install/robot/lib/robot
[0.724s] writing list of installed files to '/home/tristan/astra/ik_test/latest/ik_ros_ws/build/robot/install.log'
[0.741s] Invoked command in '/home/tristan/astra/ik_test/latest/ik_ros_ws/src/converted_r2d2' returned '0': PYTHONPATH=/home/tristan/astra/ik_test/latest/ik_ros_ws/build/robot/prefix_override:/usr/lib/python3/dist-packages/colcon_core/task/python/colcon_distutils_commands:/home/tristan/astra/ik_test/latest/ik_ros_ws/install/robot/lib/python3.10/site-packages:${PYTHONPATH} /usr/bin/python3 -W ignore:setup.py install is deprecated setup.py egg_info --egg-base ../../build/robot build --build-base /home/tristan/astra/ik_test/latest/ik_ros_ws/build/robot/build install --record /home/tristan/astra/ik_test/latest/ik_ros_ws/build/robot/install.log --single-version-externally-managed install_data
